<?xml version="1.0" encoding="UTF-8"?>
<!-- Generated by org.testng.reporters.JUnitReportReporter -->
<testsuite hostname="vikram" failures="0" tests="1" name="com.access.testcases.Report_tc_1" time="30.707" errors="0" timestamp="2022-03-24T14:50:37 IST" skipped="0">
  <testcase classname="com.access.testcases.Report_tc_1" name="Reports" time="30.707"/>
  <system-out/>
</testsuite> <!-- com.access.testcases.Report_tc_1 -->
