<?xml version="1.0" encoding="UTF-8"?>
<!-- Generated by org.testng.reporters.JUnitReportReporter -->
<testsuite hostname="DESKTOP-6JA79DF" failures="0" tests="1" name="com.access.testcases.Audit_tc_25" time="71.847" errors="0" timestamp="2022-05-18T13:01:17 IST" skipped="0">
  <testcase classname="com.access.testcases.Audit_tc_25" name="audit" time="71.847"/>
  <system-out/>
</testsuite> <!-- com.access.testcases.Audit_tc_25 -->
