<?xml version="1.0" encoding="UTF-8"?>
<!-- Generated by org.testng.reporters.JUnitReportReporter -->
<testsuite hostname="DESKTOP-6JA79DF" failures="0" tests="1" name="com.access.testcases.Appt_tc_1" time="30.230" errors="0" timestamp="2022-04-21T16:08:06 IST" skipped="0">
  <testcase classname="com.access.testcases.Appt_tc_1" name="Appointments" time="30.230"/>
  <system-out/>
</testsuite> <!-- com.access.testcases.Appt_tc_1 -->
