<?xml version="1.0" encoding="UTF-8"?>
<!-- Generated by org.testng.reporters.JUnitReportReporter -->
<testsuite hostname="DESKTOP-6JA79DF" failures="0" tests="1" name="com.access.testcases.AdmUser_tc_7" time="63.903" errors="0" timestamp="2022-07-01T16:29:48 IST" skipped="0">
  <testcase classname="com.access.testcases.AdmUser_tc_7" name="AdmUser" time="63.903"/>
  <system-out/>
</testsuite> <!-- com.access.testcases.AdmUser_tc_7 -->
