<?xml version="1.0" encoding="UTF-8"?>
<!-- Generated by org.testng.reporters.JUnitReportReporter -->
<testsuite hostname="DESKTOP-6JA79DF" failures="0" tests="1" name="com.access.testcases.Department_pop_tc_70" time="58.517" errors="0" timestamp="2022-06-20T17:01:59 IST" skipped="0">
  <testcase classname="com.access.testcases.Department_pop_tc_70" name="departments" time="58.517"/>
  <system-out/>
</testsuite> <!-- com.access.testcases.Department_pop_tc_70 -->
