<?xml version="1.0" encoding="UTF-8"?>
<!-- Generated by org.testng.reporters.JUnitReportReporter -->
<testsuite hostname="DESKTOP-6JA79DF" failures="0" tests="1" name="com.access.testcases.Department_Reg_tc_87" time="84.236" errors="0" timestamp="2022-06-28T13:15:41 IST" skipped="0">
  <testcase classname="com.access.testcases.Department_Reg_tc_87" name="departments" time="84.236"/>
  <system-out/>
</testsuite> <!-- com.access.testcases.Department_Reg_tc_87 -->
