<?xml version="1.0" encoding="UTF-8"?>
<!-- Generated by org.testng.reporters.JUnitReportReporter -->
<testsuite hostname="DESKTOP-6JA79DF" failures="0" tests="1" name="com.access.testcases.Department_tc_59" time="62.289" errors="0" timestamp="2022-06-08T12:21:17 IST" skipped="0">
  <testcase classname="com.access.testcases.Department_tc_59" name="departments" time="62.289"/>
  <system-out/>
</testsuite> <!-- com.access.testcases.Department_tc_59 -->
