<?xml version="1.0" encoding="UTF-8"?>
<!-- Generated by org.testng.reporters.JUnitReportReporter -->
<testsuite hostname="DESKTOP-6JA79DF" failures="0" tests="1" name="com.access.testcases.Appt_tc_19" time="147.861" errors="0" timestamp="2022-07-13T19:11:35 IST" skipped="0">
  <testcase classname="com.access.testcases.Appt_tc_19" name="Appointments" time="147.861"/>
  <system-out/>
</testsuite> <!-- com.access.testcases.Appt_tc_19 -->
