<?xml version="1.0" encoding="UTF-8"?>
<!-- Generated by org.testng.reporters.JUnitReportReporter -->
<testsuite hostname="DESKTOP-6JA79DF" failures="0" tests="1" name="com.access.testcases.Massm_tc_3" time="28.765" errors="0" timestamp="2022-04-21T18:03:20 IST" skipped="0">
  <testcase classname="com.access.testcases.Massm_tc_3" name="MassMessaging" time="28.765"/>
  <system-out/>
</testsuite> <!-- com.access.testcases.Massm_tc_3 -->
