<?xml version="1.0" encoding="UTF-8"?>
<!-- Generated by org.testng.reporters.JUnitReportReporter -->
<testsuite hostname="DESKTOP-6JA79DF" failures="0" tests="1" name="com.access.testcases.Department_Loc_tc_77" time="44.824" errors="0" timestamp="2022-06-28T12:41:31 IST" skipped="0">
  <testcase classname="com.access.testcases.Department_Loc_tc_77" name="departments" time="44.824"/>
  <system-out/>
</testsuite> <!-- com.access.testcases.Department_Loc_tc_77 -->
