<?xml version="1.0" encoding="UTF-8"?>
<!-- Generated by org.testng.reporters.JUnitReportReporter -->
<testsuite hostname="vikram" failures="0" tests="1" name="com.access.testcases.R_tc_1" time="45.850" errors="0" timestamp="2022-03-24T12:09:57 IST" skipped="0">
  <testcase classname="com.access.testcases.R_tc_1" name="Reports" time="45.850"/>
  <system-out>
    <![CDATA[Report tab launch]]>
  </system-out>
</testsuite> <!-- com.access.testcases.R_tc_1 -->
