<?xml version="1.0" encoding="UTF-8"?>
<!-- Generated by org.testng.reporters.JUnitReportReporter -->
<testsuite hostname="DESKTOP-6JA79DF" failures="0" tests="1" name="com.access.testcases.Department_pop_tc_69" time="59.106" errors="0" timestamp="2022-06-20T16:57:05 IST" skipped="0">
  <testcase classname="com.access.testcases.Department_pop_tc_69" name="departments" time="59.106"/>
  <system-out/>
</testsuite> <!-- com.access.testcases.Department_pop_tc_69 -->
