<?xml version="1.0" encoding="UTF-8"?>
<!-- Generated by org.testng.reporters.JUnitReportReporter -->
<testsuite hostname="DESKTOP-6JA79DF" failures="0" tests="1" name="com.access.testcases.Department_pop_tc_67" time="64.638" errors="0" timestamp="2022-06-20T16:46:41 IST" skipped="0">
  <testcase classname="com.access.testcases.Department_pop_tc_67" name="departments" time="64.638"/>
  <system-out/>
</testsuite> <!-- com.access.testcases.Department_pop_tc_67 -->
