<?xml version="1.0" encoding="UTF-8"?>
<!-- Generated by org.testng.reporters.JUnitReportReporter -->
<testsuite hostname="DESKTOP-6JA79DF" failures="0" tests="1" name="com.access.testcases.ForgotP_tc_2" time="3.608" errors="0" timestamp="2022-04-21T17:10:34 IST" skipped="0">
  <testcase classname="com.access.testcases.ForgotP_tc_2" name="forgotpassword" time="3.608"/>
  <system-out/>
</testsuite> <!-- com.access.testcases.ForgotP_tc_2 -->
