<?xml version="1.0" encoding="UTF-8"?>
<!-- Generated by org.testng.reporters.JUnitReportReporter -->
<testsuite hostname="DESKTOP-6JA79DF" failures="0" tests="1" name="com.access.testcases.Audit_tc_13" time="66.276" errors="0" timestamp="2022-05-18T11:18:55 IST" skipped="0">
  <testcase classname="com.access.testcases.Audit_tc_13" name="audit" time="66.276"/>
  <system-out/>
</testsuite> <!-- com.access.testcases.Audit_tc_13 -->
