<?xml version="1.0" encoding="UTF-8"?>
<!-- Generated by org.testng.reporters.JUnitReportReporter -->
<testsuite hostname="DESKTOP-6JA79DF" failures="0" tests="1" name="com.access.testcases.Department_pop_tc_65" time="42.437" errors="0" timestamp="2022-07-08T15:41:09 IST" skipped="0">
  <testcase classname="com.access.testcases.Department_pop_tc_65" name="departments" time="42.437"/>
  <system-out/>
</testsuite> <!-- com.access.testcases.Department_pop_tc_65 -->
