<?xml version="1.0" encoding="UTF-8"?>
<!-- Generated by org.testng.reporters.JUnitReportReporter -->
<testsuite hostname="DESKTOP-6JA79DF" failures="0" tests="1" name="com.access.testcases.Department_tc_1" time="32.023" errors="0" timestamp="2022-05-31T12:43:32 IST" skipped="0">
  <testcase classname="com.access.testcases.Department_tc_1" name="departments" time="32.023"/>
  <system-out/>
</testsuite> <!-- com.access.testcases.Department_tc_1 -->
