<?xml version="1.0" encoding="UTF-8"?>
<!-- Generated by org.testng.reporters.JUnitReportReporter -->
<testsuite hostname="DESKTOP-6JA79DF" failures="0" tests="1" name="com.access.testcases.Audit_tc_10" time="62.273" errors="0" timestamp="2022-05-11T12:25:43 IST" skipped="0">
  <testcase classname="com.access.testcases.Audit_tc_10" name="audit" time="62.273"/>
  <system-out/>
</testsuite> <!-- com.access.testcases.Audit_tc_10 -->
