<?xml version="1.0" encoding="UTF-8"?>
<!-- Generated by org.testng.reporters.JUnitReportReporter -->
<testsuite hostname="DESKTOP-6JA79DF" failures="0" tests="1" name="com.access.testcases.AdmUser_tc_6" time="43.254" errors="0" timestamp="2022-07-01T16:25:29 IST" skipped="0">
  <testcase classname="com.access.testcases.AdmUser_tc_6" name="AdmUser" time="43.254"/>
  <system-out/>
</testsuite> <!-- com.access.testcases.AdmUser_tc_6 -->
