<?xml version="1.0" encoding="UTF-8"?>
<!-- Generated by org.testng.reporters.JUnitReportReporter -->
<testsuite hostname="DESKTOP-6JA79DF" failures="0" tests="1" name="com.access.testcases.Department_tc_58" time="53.501" errors="0" timestamp="2022-06-08T12:04:34 IST" skipped="0">
  <testcase classname="com.access.testcases.Department_tc_58" name="departments" time="53.501"/>
  <system-out/>
</testsuite> <!-- com.access.testcases.Department_tc_58 -->
