<?xml version="1.0" encoding="UTF-8"?>
<!-- Generated by org.testng.reporters.JUnitReportReporter -->
<testsuite hostname="DESKTOP-6JA79DF" failures="0" tests="1" name="com.access.testcases.Profile_04" time="54.005" errors="0" timestamp="2022-07-08T12:14:10 IST" skipped="0">
  <testcase classname="com.access.testcases.Profile_04" name="Profile" time="54.005"/>
  <system-out/>
</testsuite> <!-- com.access.testcases.Profile_04 -->
