<?xml version="1.0" encoding="UTF-8"?>
<!-- Generated by org.testng.reporters.JUnitReportReporter -->
<testsuite hostname="DESKTOP-6JA79DF" failures="0" tests="1" name="com.access.testcases.Department_tc_26" time="122.677" errors="0" timestamp="2022-06-01T15:38:51 IST" skipped="0">
  <testcase classname="com.access.testcases.Department_tc_26" name="departments" time="122.677"/>
  <system-out/>
</testsuite> <!-- com.access.testcases.Department_tc_26 -->
