<?xml version="1.0" encoding="UTF-8"?>
<!-- Generated by org.testng.reporters.JUnitReportReporter -->
<testsuite hostname="DESKTOP-6JA79DF" failures="0" tests="1" name="com.access.testcases.Department_tc_43" time="57.131" errors="0" timestamp="2022-06-03T16:28:50 IST" skipped="0">
  <testcase classname="com.access.testcases.Department_tc_43" name="departments" time="57.131"/>
  <system-out/>
</testsuite> <!-- com.access.testcases.Department_tc_43 -->
