<?xml version="1.0" encoding="UTF-8"?>
<!-- Generated by org.testng.reporters.JUnitReportReporter -->
<testsuite hostname="DESKTOP-6JA79DF" failures="0" tests="1" name="com.access.testcases.Department_tc_47" time="58.567" errors="0" timestamp="2022-06-16T12:58:47 IST" skipped="0">
  <testcase classname="com.access.testcases.Department_tc_47" name="departments" time="58.567"/>
  <system-out/>
</testsuite> <!-- com.access.testcases.Department_tc_47 -->
