<?xml version="1.0" encoding="UTF-8"?>
<!-- Generated by org.testng.reporters.JUnitReportReporter -->
<testsuite hostname="DESKTOP-6JA79DF" failures="0" tests="1" name="com.access.testcases.Appt_tc_20" time="96.657" errors="0" timestamp="2022-07-14T19:11:06 IST" skipped="0">
  <testcase classname="com.access.testcases.Appt_tc_20" name="Appointments" time="96.657"/>
  <system-out/>
</testsuite> <!-- com.access.testcases.Appt_tc_20 -->
