<?xml version="1.0" encoding="UTF-8"?>
<!-- Generated by org.testng.reporters.JUnitReportReporter -->
<testsuite hostname="DESKTOP-6JA79DF" failures="0" tests="1" name="com.access.testcases.Massm_tc_5" time="21.401" errors="0" timestamp="2022-04-21T18:05:45 IST" skipped="0">
  <testcase classname="com.access.testcases.Massm_tc_5" name="MassMessaging" time="21.401"/>
  <system-out/>
</testsuite> <!-- com.access.testcases.Massm_tc_5 -->
