<?xml version="1.0" encoding="UTF-8"?>
<!-- Generated by org.testng.reporters.JUnitReportReporter -->
<testsuite hostname="DESKTOP-6JA79DF" failures="0" tests="1" name="com.access.testcases.AdmUser_tc_15" time="51.117" errors="0" timestamp="2022-07-01T17:05:36 IST" skipped="0">
  <testcase classname="com.access.testcases.AdmUser_tc_15" name="AdmUser" time="51.117"/>
  <system-out/>
</testsuite> <!-- com.access.testcases.AdmUser_tc_15 -->
