<?xml version="1.0" encoding="UTF-8"?>
<!-- Generated by org.testng.reporters.JUnitReportReporter -->
<testsuite hostname="DESKTOP-6JA79DF" failures="0" tests="1" name="com.access.testcases.AdmUser_tc_11" time="42.643" errors="0" timestamp="2022-06-02T16:49:09 IST" skipped="0">
  <testcase classname="com.access.testcases.AdmUser_tc_11" name="AdmUser" time="42.643"/>
  <system-out/>
</testsuite> <!-- com.access.testcases.AdmUser_tc_11 -->
