<?xml version="1.0" encoding="UTF-8"?>
<!-- Generated by org.testng.reporters.JUnitReportReporter -->
<testsuite hostname="DESKTOP-6JA79DF" failures="0" tests="1" name="com.access.testcases.Appt_tc_4" time="73.861" errors="0" timestamp="2022-04-21T16:20:47 IST" skipped="0">
  <testcase classname="com.access.testcases.Appt_tc_4" name="Appointments" time="73.861"/>
  <system-out/>
</testsuite> <!-- com.access.testcases.Appt_tc_4 -->
