<?xml version="1.0" encoding="UTF-8"?>
<!-- Generated by org.testng.reporters.JUnitReportReporter -->
<testsuite hostname="DESKTOP-6JA79DF" failures="0" tests="1" name="com.access.testcases.Appt_tc_16" time="63.512" errors="0" timestamp="2022-07-13T12:31:31 IST" skipped="0">
  <testcase classname="com.access.testcases.Appt_tc_16" name="Appointments" time="63.512"/>
  <system-out/>
</testsuite> <!-- com.access.testcases.Appt_tc_16 -->
