<?xml version="1.0" encoding="UTF-8"?>
<!-- Generated by org.testng.reporters.JUnitReportReporter -->
<testsuite hostname="DESKTOP-6JA79DF" failures="0" tests="1" name="com.access.testcases.Appt_tc_15" time="81.787" errors="0" timestamp="2022-07-12T20:15:47 IST" skipped="0">
  <testcase classname="com.access.testcases.Appt_tc_15" name="Appointments" time="81.787"/>
  <system-out/>
</testsuite> <!-- com.access.testcases.Appt_tc_15 -->
