<?xml version="1.0" encoding="UTF-8"?>
<!-- Generated by org.testng.reporters.JUnitReportReporter -->
<testsuite hostname="vikram" failures="0" tests="1" name="com.access.testcases.Report_tc_4" time="18.329" errors="0" timestamp="2022-03-24T13:33:23 IST" skipped="0">
  <testcase classname="com.access.testcases.Report_tc_4" name="Reports" time="18.329"/>
  <system-out/>
</testsuite> <!-- com.access.testcases.Report_tc_4 -->
