<?xml version="1.0" encoding="UTF-8"?>
<!-- Generated by org.testng.reporters.JUnitReportReporter -->
<testsuite hostname="DESKTOP-6JA79DF" failures="0" tests="1" name="com.access.testcases.Department_pop_tc_68" time="56.360" errors="0" timestamp="2022-07-08T15:43:16 IST" skipped="0">
  <testcase classname="com.access.testcases.Department_pop_tc_68" name="departments" time="56.360"/>
  <system-out/>
</testsuite> <!-- com.access.testcases.Department_pop_tc_68 -->
