<?xml version="1.0" encoding="UTF-8"?>
<!-- Generated by org.testng.reporters.JUnitReportReporter -->
<testsuite hostname="DESKTOP-6JA79DF" failures="0" tests="1" name="com.access.testcases.Department_Reg_tc_95" time="83.227" errors="0" timestamp="2022-07-05T18:17:47 IST" skipped="0">
  <testcase classname="com.access.testcases.Department_Reg_tc_95" name="departments" time="83.227"/>
  <system-out/>
</testsuite> <!-- com.access.testcases.Department_Reg_tc_95 -->
