<?xml version="1.0" encoding="UTF-8"?>
<!-- Generated by org.testng.reporters.JUnitReportReporter -->
<testsuite hostname="DESKTOP-6JA79DF" failures="0" tests="1" name="com.access.testcases.AdmUser_tc_7" time="53.627" errors="0" timestamp="2022-04-26T18:57:41 IST" skipped="0">
  <testcase classname="com.access.testcases.AdmUser_tc_7" name="AdmUser" time="53.627"/>
  <system-out/>
</testsuite> <!-- com.access.testcases.AdmUser_tc_7 -->
