<?xml version="1.0" encoding="UTF-8"?>
<!-- Generated by org.testng.reporters.JUnitReportReporter -->
<testsuite hostname="DESKTOP-6JA79DF" failures="0" tests="1" name="com.access.testcases.Payers_tc_1" time="50.512" errors="0" timestamp="2022-06-06T17:26:29 IST" skipped="0">
  <testcase classname="com.access.testcases.Payers_tc_1" name="Payers" time="50.512"/>
  <system-out/>
</testsuite> <!-- com.access.testcases.Payers_tc_1 -->
