<?xml version="1.0" encoding="UTF-8"?>
<!-- Generated by org.testng.reporters.JUnitReportReporter -->
<testsuite hostname="DESKTOP-6JA79DF" failures="0" tests="1" name="com.access.testcases.Audit_tc_26" time="61.016" errors="0" timestamp="2022-05-10T13:02:48 IST" skipped="0">
  <testcase classname="com.access.testcases.Audit_tc_26" name="audit" time="61.016"/>
  <system-out/>
</testsuite> <!-- com.access.testcases.Audit_tc_26 -->
