<?xml version="1.0" encoding="UTF-8"?>
<!-- Generated by org.testng.reporters.JUnitReportReporter -->
<testsuite hostname="DESKTOP-6JA79DF" failures="0" tests="1" name="com.access.testcases.Department_tc_33" time="63.862" errors="0" timestamp="2022-06-07T12:44:25 IST" skipped="0">
  <testcase classname="com.access.testcases.Department_tc_33" name="departments" time="63.862"/>
  <system-out/>
</testsuite> <!-- com.access.testcases.Department_tc_33 -->
