<?xml version="1.0" encoding="UTF-8"?>
<!-- Generated by org.testng.reporters.JUnitReportReporter -->
<testsuite hostname="DESKTOP-6JA79DF" failures="0" tests="1" name="com.access.testcases.Department_Reg_tc_100" time="55.394" errors="0" timestamp="2022-06-29T16:31:55 IST" skipped="0">
  <testcase classname="com.access.testcases.Department_Reg_tc_100" name="departments" time="55.394"/>
  <system-out/>
</testsuite> <!-- com.access.testcases.Department_Reg_tc_100 -->
