<?xml version="1.0" encoding="UTF-8"?>
<!-- Generated by org.testng.reporters.JUnitReportReporter -->
<testsuite hostname="DESKTOP-6JA79DF" failures="0" tests="1" name="com.access.testcases.Palkup_tc_1" time="67.050" errors="0" timestamp="2022-04-21T18:53:14 IST" skipped="0">
  <testcase classname="com.access.testcases.Palkup_tc_1" name="UserTestPage" time="67.050"/>
  <system-out/>
</testsuite> <!-- com.access.testcases.Palkup_tc_1 -->
