<?xml version="1.0" encoding="UTF-8"?>
<!-- Generated by org.testng.reporters.JUnitReportReporter -->
<testsuite hostname="DESKTOP-6JA79DF" failures="0" tests="1" name="com.access.testcases.Department_tc_21" time="56.366" errors="0" timestamp="2022-06-07T11:44:54 IST" skipped="0">
  <testcase classname="com.access.testcases.Department_tc_21" name="departments" time="56.366"/>
  <system-out/>
</testsuite> <!-- com.access.testcases.Department_tc_21 -->
