<?xml version="1.0" encoding="UTF-8"?>
<!-- Generated by org.testng.reporters.JUnitReportReporter -->
<testsuite hostname="DESKTOP-6JA79DF" failures="0" tests="1" name="com.access.testcases.Reg_tc_10" time="35.760" errors="0" timestamp="2022-04-21T14:33:34 IST" skipped="0">
  <testcase classname="com.access.testcases.Reg_tc_10" name="RegtPage" time="35.760"/>
  <system-out/>
</testsuite> <!-- com.access.testcases.Reg_tc_10 -->
