<?xml version="1.0" encoding="UTF-8"?>
<!-- Generated by org.testng.reporters.JUnitReportReporter -->
<testsuite hostname="DESKTOP-6JA79DF" failures="0" tests="1" name="com.access.testcases.Department_tc_23" time="60.305" errors="0" timestamp="2022-06-07T11:52:17 IST" skipped="0">
  <testcase classname="com.access.testcases.Department_tc_23" name="departments" time="60.305"/>
  <system-out/>
</testsuite> <!-- com.access.testcases.Department_tc_23 -->
