<?xml version="1.0" encoding="UTF-8"?>
<!-- Generated by org.testng.reporters.JUnitReportReporter -->
<testsuite hostname="DESKTOP-6JA79DF" failures="0" tests="1" name="com.access.testcases.Department_pop_tc_66" time="73.186" errors="0" timestamp="2022-06-20T16:38:18 IST" skipped="0">
  <testcase classname="com.access.testcases.Department_pop_tc_66" name="departments" time="73.186"/>
  <system-out/>
</testsuite> <!-- com.access.testcases.Department_pop_tc_66 -->
