<?xml version="1.0" encoding="UTF-8"?>
<!-- Generated by org.testng.reporters.JUnitReportReporter -->
<testsuite hostname="DESKTOP-6JA79DF" failures="0" tests="1" name="com.access.testcases.Appt_tc_17" time="141.608" errors="0" timestamp="2022-07-13T16:46:20 IST" skipped="0">
  <testcase classname="com.access.testcases.Appt_tc_17" name="Appointments" time="141.608"/>
  <system-out/>
</testsuite> <!-- com.access.testcases.Appt_tc_17 -->
