<?xml version="1.0" encoding="UTF-8"?>
<!-- Generated by org.testng.reporters.JUnitReportReporter -->
<testsuite hostname="DESKTOP-6JA79DF" failures="0" tests="1" name="com.access.testcases.AdmUser_tc_12" time="45.588" errors="0" timestamp="2022-05-04T12:24:51 IST" skipped="0">
  <testcase classname="com.access.testcases.AdmUser_tc_12" name="AdmUser" time="45.588"/>
  <system-out/>
</testsuite> <!-- com.access.testcases.AdmUser_tc_12 -->
