<?xml version="1.0" encoding="UTF-8"?>
<!-- Generated by org.testng.reporters.JUnitReportReporter -->
<testsuite hostname="DESKTOP-6JA79DF" failures="0" tests="1" name="com.access.testcases.Department_tc_11" time="56.927" errors="0" timestamp="2022-05-31T14:24:48 IST" skipped="0">
  <testcase classname="com.access.testcases.Department_tc_11" name="departments" time="56.927"/>
  <system-out/>
</testsuite> <!-- com.access.testcases.Department_tc_11 -->
