<?xml version="1.0" encoding="UTF-8"?>
<!-- Generated by org.testng.reporters.JUnitReportReporter -->
<testsuite hostname="DESKTOP-6JA79DF" failures="0" tests="1" name="com.access.testcases.AdmUser_tc_8" time="61.823" errors="0" timestamp="2022-07-01T16:31:43 IST" skipped="0">
  <testcase classname="com.access.testcases.AdmUser_tc_8" name="AdmUser" time="61.823"/>
  <system-out/>
</testsuite> <!-- com.access.testcases.AdmUser_tc_8 -->
