<?xml version="1.0" encoding="UTF-8"?>
<!-- Generated by org.testng.reporters.JUnitReportReporter -->
<testsuite hostname="DESKTOP-6JA79DF" failures="0" tests="1" name="com.access.testcases.Department_tc_64" time="114.472" errors="0" timestamp="2022-06-09T18:30:35 IST" skipped="0">
  <testcase classname="com.access.testcases.Department_tc_64" name="departments" time="114.472"/>
  <system-out/>
</testsuite> <!-- com.access.testcases.Department_tc_64 -->
