<?xml version="1.0" encoding="UTF-8"?>
<!-- Generated by org.testng.reporters.JUnitReportReporter -->
<testsuite hostname="DESKTOP-6JA79DF" failures="0" tests="1" name="com.access.testcases.Department_tc_42" time="41.565" errors="0" timestamp="2022-06-16T12:46:28 IST" skipped="0">
  <testcase classname="com.access.testcases.Department_tc_42" name="departments" time="41.565"/>
  <system-out/>
</testsuite> <!-- com.access.testcases.Department_tc_42 -->
