<?xml version="1.0" encoding="UTF-8"?>
<!-- Generated by org.testng.reporters.JUnitReportReporter -->
<testsuite hostname="DESKTOP-6JA79DF" failures="0" tests="1" name="com.access.testcases.AdmUser_tc_20" time="42.177" errors="0" timestamp="2022-05-04T18:32:02 IST" skipped="0">
  <testcase classname="com.access.testcases.AdmUser_tc_20" name="AdmUser" time="42.177"/>
  <system-out/>
</testsuite> <!-- com.access.testcases.AdmUser_tc_20 -->
