<?xml version="1.0" encoding="UTF-8"?>
<!-- Generated by org.testng.reporters.JUnitReportReporter -->
<testsuite hostname="DESKTOP-6JA79DF" failures="0" tests="1" name="com.access.testcases.Department_tc_35" time="42.469" errors="0" timestamp="2022-06-07T12:49:41 IST" skipped="0">
  <testcase classname="com.access.testcases.Department_tc_35" name="departments" time="42.469"/>
  <system-out/>
</testsuite> <!-- com.access.testcases.Department_tc_35 -->
