<?xml version="1.0" encoding="UTF-8"?>
<!-- Generated by org.testng.reporters.JUnitReportReporter -->
<testsuite hostname="DESKTOP-6JA79DF" failures="0" tests="1" name="com.access.testcases.AdmUser_tc_13" time="46.255" errors="0" timestamp="2022-05-02T20:02:38 IST" skipped="0">
  <testcase classname="com.access.testcases.AdmUser_tc_13" name="AdmUser" time="46.255"/>
  <system-out/>
</testsuite> <!-- com.access.testcases.AdmUser_tc_13 -->
