<?xml version="1.0" encoding="UTF-8"?>
<!-- Generated by org.testng.reporters.JUnitReportReporter -->
<testsuite hostname="DESKTOP-6JA79DF" failures="0" tests="1" name="com.access.testcases.AdminProfile_tc_02" time="52.242" errors="0" timestamp="2022-07-08T19:17:17 IST" skipped="0">
  <testcase classname="com.access.testcases.AdminProfile_tc_02" name="Profile" time="52.242"/>
  <system-out/>
</testsuite> <!-- com.access.testcases.AdminProfile_tc_02 -->
