<?xml version="1.0" encoding="UTF-8"?>
<!-- Generated by org.testng.reporters.JUnitReportReporter -->
<testsuite hostname="DESKTOP-6JA79DF" failures="0" tests="1" name="com.access.testcases.ForgotP_tc_1" time="6.707" errors="0" timestamp="2022-04-21T17:09:43 IST" skipped="0">
  <testcase classname="com.access.testcases.ForgotP_tc_1" name="ForgotPassword" time="6.707"/>
  <system-out/>
</testsuite> <!-- com.access.testcases.ForgotP_tc_1 -->
