<?xml version="1.0" encoding="UTF-8"?>
<!-- Generated by org.testng.reporters.JUnitReportReporter -->
<testsuite hostname="DESKTOP-6JA79DF" failures="0" tests="1" name="com.access.testcases.AdmUser_tc_5" time="85.180" errors="0" timestamp="2022-04-25T19:10:45 IST" skipped="0">
  <testcase classname="com.access.testcases.AdmUser_tc_5" name="AdmUser" time="85.180"/>
  <system-out/>
</testsuite> <!-- com.access.testcases.AdmUser_tc_5 -->
