<?xml version="1.0" encoding="UTF-8"?>
<!-- Generated by org.testng.reporters.JUnitReportReporter -->
<testsuite hostname="DESKTOP-6JA79DF" failures="0" tests="1" name="com.access.testcases.Appt_tc_18" time="146.048" errors="0" timestamp="2022-07-13T17:23:55 IST" skipped="0">
  <testcase classname="com.access.testcases.Appt_tc_18" name="Appointments" time="146.048"/>
  <system-out/>
</testsuite> <!-- com.access.testcases.Appt_tc_18 -->
