<?xml version="1.0" encoding="UTF-8"?>
<!-- Generated by org.testng.reporters.JUnitReportReporter -->
<testsuite hostname="DESKTOP-6JA79DF" failures="0" tests="1" name="com.access.testcases.AdmUser_tc_14" time="51.929" errors="0" timestamp="2022-07-01T17:04:15 IST" skipped="0">
  <testcase classname="com.access.testcases.AdmUser_tc_14" name="AdmUser" time="51.929"/>
  <system-out/>
</testsuite> <!-- com.access.testcases.AdmUser_tc_14 -->
