<?xml version="1.0" encoding="UTF-8"?>
<!-- Generated by org.testng.reporters.JUnitReportReporter -->
<testsuite hostname="DESKTOP-6JA79DF" failures="0" tests="1" name="com.access.testcases.Department_tc_36" time="63.564" errors="0" timestamp="2022-06-15T13:15:01 IST" skipped="0">
  <testcase classname="com.access.testcases.Department_tc_36" name="departments" time="63.564"/>
  <system-out/>
</testsuite> <!-- com.access.testcases.Department_tc_36 -->
