<?xml version="1.0" encoding="UTF-8"?>
<!-- Generated by org.testng.reporters.JUnitReportReporter -->
<testsuite hostname="DESKTOP-6JA79DF" failures="0" tests="1" name="com.access.testcases.Massm_tc_2" time="25.500" errors="0" timestamp="2022-04-21T18:00:19 IST" skipped="0">
  <testcase classname="com.access.testcases.Massm_tc_2" name="MassMessaging" time="25.500"/>
  <system-out/>
</testsuite> <!-- com.access.testcases.Massm_tc_2 -->
