<?xml version="1.0" encoding="UTF-8"?>
<!-- Generated by org.testng.reporters.JUnitReportReporter -->
<testsuite hostname="DESKTOP-6JA79DF" failures="0" tests="1" name="com.access.testcases.Department_Reg_tc_89" time="41.984" errors="0" timestamp="2022-07-05T17:50:24 IST" skipped="0">
  <testcase classname="com.access.testcases.Department_Reg_tc_89" name="departments" time="41.984"/>
  <system-out/>
</testsuite> <!-- com.access.testcases.Department_Reg_tc_89 -->
