<?xml version="1.0" encoding="UTF-8"?>
<!-- Generated by org.testng.reporters.JUnitReportReporter -->
<testsuite hostname="DESKTOP-6JA79DF" failures="0" tests="1" name="com.access.testcases.Department_Reg_tc_96" time="80.828" errors="0" timestamp="2022-07-05T19:05:45 IST" skipped="0">
  <testcase classname="com.access.testcases.Department_Reg_tc_96" name="departments" time="80.828"/>
  <system-out/>
</testsuite> <!-- com.access.testcases.Department_Reg_tc_96 -->
