<?xml version="1.0" encoding="UTF-8"?>
<!-- Generated by org.testng.reporters.JUnitReportReporter -->
<testsuite hostname="DESKTOP-6JA79DF" failures="0" tests="1" name="com.access.testcases.AdmUser_tc_5" time="88.478" errors="0" timestamp="2022-07-01T16:23:53 IST" skipped="0">
  <testcase classname="com.access.testcases.AdmUser_tc_5" name="AdmUser" time="88.478"/>
  <system-out/>
</testsuite> <!-- com.access.testcases.AdmUser_tc_5 -->
