<?xml version="1.0" encoding="UTF-8"?>
<!-- Generated by org.testng.reporters.JUnitReportReporter -->
<testsuite hostname="DESKTOP-6JA79DF" failures="0" tests="1" name="com.access.testcases.Department_Algo_tc_104" time="52.975" errors="0" timestamp="2022-06-30T16:07:24 IST" skipped="0">
  <testcase classname="com.access.testcases.Department_Algo_tc_104" name="departments" time="52.975"/>
  <system-out/>
</testsuite> <!-- com.access.testcases.Department_Algo_tc_104 -->
