<?xml version="1.0" encoding="UTF-8"?>
<!-- Generated by org.testng.reporters.JUnitReportReporter -->
<testsuite hostname="DESKTOP-6JA79DF" failures="0" tests="1" name="com.access.testcases.Appt_tc_7" time="6.293" errors="0" timestamp="2022-04-22T19:10:29 IST" skipped="0">
  <testcase classname="com.access.testcases.Appt_tc_7" name="Appointments" time="6.293"/>
  <system-out/>
</testsuite> <!-- com.access.testcases.Appt_tc_7 -->
