<?xml version="1.0" encoding="UTF-8"?>
<!-- Generated by org.testng.reporters.JUnitReportReporter -->
<testsuite hostname="DESKTOP-6JA79DF" failures="0" tests="1" name="com.access.testcases.Department_tc_54" time="60.350" errors="0" timestamp="2022-06-16T13:18:15 IST" skipped="0">
  <testcase classname="com.access.testcases.Department_tc_54" name="departments" time="60.350"/>
  <system-out/>
</testsuite> <!-- com.access.testcases.Department_tc_54 -->
