<?xml version="1.0" encoding="UTF-8"?>
<!-- Generated by org.testng.reporters.JUnitReportReporter -->
<testsuite hostname="DESKTOP-6JA79DF" failures="0" tests="1" name="com.access.testcases.Audit_tc_28" time="66.322" errors="0" timestamp="2022-05-17T16:17:21 IST" skipped="0">
  <testcase classname="com.access.testcases.Audit_tc_28" name="audit" time="66.322"/>
  <system-out/>
</testsuite> <!-- com.access.testcases.Audit_tc_28 -->
