<?xml version="1.0" encoding="UTF-8"?>
<!-- Generated by org.testng.reporters.JUnitReportReporter -->
<testsuite hostname="DESKTOP-6JA79DF" failures="0" tests="1" name="com.access.testcases.Profile_02" time="53.403" errors="0" timestamp="2022-07-08T11:57:33 IST" skipped="0">
  <testcase classname="com.access.testcases.Profile_02" name="Profile" time="53.403"/>
  <system-out/>
</testsuite> <!-- com.access.testcases.Profile_02 -->
