<?xml version="1.0" encoding="UTF-8"?>
<!-- Generated by org.testng.reporters.JUnitReportReporter -->
<testsuite hostname="DESKTOP-6JA79DF" failures="0" tests="1" name="com.access.testcases.Department_Reg_tc_92" time="78.338" errors="0" timestamp="2022-07-05T18:06:11 IST" skipped="0">
  <testcase classname="com.access.testcases.Department_Reg_tc_92" name="departments" time="78.338"/>
  <system-out/>
</testsuite> <!-- com.access.testcases.Department_Reg_tc_92 -->
