<?xml version="1.0" encoding="UTF-8"?>
<!-- Generated by org.testng.reporters.JUnitReportReporter -->
<testsuite hostname="DESKTOP-6JA79DF" failures="0" tests="1" name="com.access.testcases.Audit_tc_12" time="80.598" errors="0" timestamp="2022-05-18T11:16:34 IST" skipped="0">
  <testcase classname="com.access.testcases.Audit_tc_12" name="audit" time="80.598"/>
  <system-out/>
</testsuite> <!-- com.access.testcases.Audit_tc_12 -->
