<?xml version="1.0" encoding="UTF-8"?>
<!-- Generated by org.testng.reporters.JUnitReportReporter -->
<testsuite hostname="DESKTOP-6JA79DF" failures="0" tests="1" name="com.access.testcases.Audit_tc_1" time="30.975" errors="0" timestamp="2022-05-23T15:29:19 IST" skipped="0">
  <testcase classname="com.access.testcases.Audit_tc_1" name="audit" time="30.975"/>
  <system-out/>
</testsuite> <!-- com.access.testcases.Audit_tc_1 -->
