<?xml version="1.0" encoding="UTF-8"?>
<!-- Generated by org.testng.reporters.JUnitReportReporter -->
<testsuite hostname="DESKTOP-6JA79DF" failures="0" tests="1" name="com.access.testcases.Audit_tc_7" time="51.310" errors="0" timestamp="2022-05-11T12:16:07 IST" skipped="0">
  <testcase classname="com.access.testcases.Audit_tc_7" name="audit" time="51.310"/>
  <system-out/>
</testsuite> <!-- com.access.testcases.Audit_tc_7 -->
