<?xml version="1.0" encoding="UTF-8"?>
<!-- Generated by org.testng.reporters.JUnitReportReporter -->
<testsuite hostname="DESKTOP-6JA79DF" failures="0" tests="1" name="com.access.testcases.Login_tc_1" time="1.690" errors="0" timestamp="2022-04-25T12:10:04 IST" skipped="0">
  <testcase classname="com.access.testcases.Login_tc_1" name="loginpage" time="1.690"/>
  <system-out/>
</testsuite> <!-- com.access.testcases.Login_tc_1 -->
