<?xml version="1.0" encoding="UTF-8"?>
<!-- Generated by org.testng.reporters.JUnitReportReporter -->
<testsuite hostname="DESKTOP-6JA79DF" failures="0" tests="1" name="com.access.testcases.AdminProfile_tc_01" time="32.686" errors="0" timestamp="2022-07-08T19:14:16 IST" skipped="0">
  <testcase classname="com.access.testcases.AdminProfile_tc_01" name="Profile" time="32.686"/>
  <system-out/>
</testsuite> <!-- com.access.testcases.AdminProfile_tc_01 -->
