<?xml version="1.0" encoding="UTF-8"?>
<!-- Generated by org.testng.reporters.JUnitReportReporter -->
<testsuite hostname="DESKTOP-6JA79DF" failures="0" tests="1" name="com.access.testcases.Appt_tc_22" time="79.231" errors="0" timestamp="2022-07-18T12:46:22 IST" skipped="0">
  <testcase classname="com.access.testcases.Appt_tc_22" name="Appointments" time="79.231"/>
  <system-out/>
</testsuite> <!-- com.access.testcases.Appt_tc_22 -->
