<?xml version="1.0" encoding="UTF-8"?>
<!-- Generated by org.testng.reporters.JUnitReportReporter -->
<testsuite hostname="DESKTOP-6JA79DF" failures="0" tests="1" name="com.access.testcases.Department_Loc_tc_76" time="59.694" errors="0" timestamp="2022-06-28T12:39:10 IST" skipped="0">
  <testcase classname="com.access.testcases.Department_Loc_tc_76" name="departments" time="59.694"/>
  <system-out/>
</testsuite> <!-- com.access.testcases.Department_Loc_tc_76 -->
