<?xml version="1.0" encoding="UTF-8"?>
<!-- Generated by org.testng.reporters.JUnitReportReporter -->
<testsuite hostname="DESKTOP-6JA79DF" failures="0" tests="1" name="com.access.testcases.Appt_tc_12" time="58.386" errors="0" timestamp="2022-04-21T13:24:19 IST" skipped="0">
  <testcase classname="com.access.testcases.Appt_tc_12" name="Appointments" time="58.386"/>
  <system-out/>
</testsuite> <!-- com.access.testcases.Appt_tc_12 -->
