<?xml version="1.0" encoding="UTF-8"?>
<!-- Generated by org.testng.reporters.JUnitReportReporter -->
<testsuite hostname="DESKTOP-6JA79DF" failures="0" tests="1" name="com.access.testcases.Department_Reg_tc_90" time="78.476" errors="0" timestamp="2022-07-05T17:58:49 IST" skipped="0">
  <testcase classname="com.access.testcases.Department_Reg_tc_90" name="departments" time="78.476"/>
  <system-out/>
</testsuite> <!-- com.access.testcases.Department_Reg_tc_90 -->
