<?xml version="1.0" encoding="UTF-8"?>
<!-- Generated by org.testng.reporters.JUnitReportReporter -->
<testsuite hostname="DESKTOP-6JA79DF" failures="0" tests="1" name="com.access.testcases.Audit_tc_8" time="49.538" errors="0" timestamp="2022-05-11T12:20:00 IST" skipped="0">
  <testcase classname="com.access.testcases.Audit_tc_8" name="audit" time="49.538"/>
  <system-out/>
</testsuite> <!-- com.access.testcases.Audit_tc_8 -->
