<?xml version="1.0" encoding="UTF-8"?>
<!-- Generated by org.testng.reporters.JUnitReportReporter -->
<testsuite hostname="DESKTOP-6JA79DF" failures="0" tests="1" name="com.access.testcases.Department_Loc_tc_75" time="48.369" errors="0" timestamp="2022-06-28T12:36:22 IST" skipped="0">
  <testcase classname="com.access.testcases.Department_Loc_tc_75" name="departments" time="48.369"/>
  <system-out/>
</testsuite> <!-- com.access.testcases.Department_Loc_tc_75 -->
