<?xml version="1.0" encoding="UTF-8"?>
<!-- Generated by org.testng.reporters.JUnitReportReporter -->
<testsuite hostname="DESKTOP-6JA79DF" failures="0" tests="1" name="com.access.testcases.AdmUser_tc_9" time="33.664" errors="0" timestamp="2022-04-26T19:04:35 IST" skipped="0">
  <testcase classname="com.access.testcases.AdmUser_tc_9" name="AdmUser" time="33.664"/>
  <system-out/>
</testsuite> <!-- com.access.testcases.AdmUser_tc_9 -->
