<?xml version="1.0" encoding="UTF-8"?>
<!-- Generated by org.testng.reporters.JUnitReportReporter -->
<testsuite hostname="DESKTOP-6JA79DF" failures="0" tests="1" name="com.access.testcases.AdmUser_tc_8" time="60.020" errors="0" timestamp="2022-04-26T19:02:44 IST" skipped="0">
  <testcase classname="com.access.testcases.AdmUser_tc_8" name="AdmUser" time="60.020"/>
  <system-out/>
</testsuite> <!-- com.access.testcases.AdmUser_tc_8 -->
