<?xml version="1.0" encoding="UTF-8"?>
<!-- Generated by org.testng.reporters.JUnitReportReporter -->
<testsuite hostname="DESKTOP-6JA79DF" failures="0" tests="1" name="com.access.testcases.Clip_tc_2" time="40.840" errors="0" timestamp="2022-04-21T14:50:55 IST" skipped="0">
  <testcase classname="com.access.testcases.Clip_tc_2" name="Clipboard" time="40.840"/>
  <system-out/>
</testsuite> <!-- com.access.testcases.Clip_tc_2 -->
