<?xml version="1.0" encoding="UTF-8"?>
<!-- Generated by org.testng.reporters.JUnitReportReporter -->
<testsuite hostname="DESKTOP-6JA79DF" failures="0" tests="1" name="com.access.testcases.Department_tc_61" time="106.482" errors="0" timestamp="2022-06-09T17:35:27 IST" skipped="0">
  <testcase classname="com.access.testcases.Department_tc_61" name="departments" time="106.482"/>
  <system-out/>
</testsuite> <!-- com.access.testcases.Department_tc_61 -->
