<?xml version="1.0" encoding="UTF-8"?>
<!-- Generated by org.testng.reporters.JUnitReportReporter -->
<testsuite hostname="DESKTOP-6JA79DF" failures="0" tests="1" name="com.access.testcases.AdmUser_tc_18" time="55.975" errors="0" timestamp="2022-05-03T13:17:48 IST" skipped="0">
  <testcase classname="com.access.testcases.AdmUser_tc_18" name="AdmUser" time="55.975"/>
  <system-out/>
</testsuite> <!-- com.access.testcases.AdmUser_tc_18 -->
