<?xml version="1.0" encoding="UTF-8"?>
<!-- Generated by org.testng.reporters.JUnitReportReporter -->
<testsuite hostname="DESKTOP-6JA79DF" failures="0" tests="1" name="com.access.testcases.Appt_tc_5" time="45.942" errors="0" timestamp="2022-04-21T16:23:28 IST" skipped="0">
  <testcase classname="com.access.testcases.Appt_tc_5" name="Appointments" time="45.942"/>
  <system-out/>
</testsuite> <!-- com.access.testcases.Appt_tc_5 -->
