<?xml version="1.0" encoding="UTF-8"?>
<!-- Generated by org.testng.reporters.JUnitReportReporter -->
<testsuite hostname="DESKTOP-6JA79DF" failures="0" tests="1" name="com.access.testcases.Department_tc_51" time="72.298" errors="0" timestamp="2022-06-06T13:17:53 IST" skipped="0">
  <testcase classname="com.access.testcases.Department_tc_51" name="departments" time="72.298"/>
  <system-out/>
</testsuite> <!-- com.access.testcases.Department_tc_51 -->
