<?xml version="1.0" encoding="UTF-8"?>
<!-- Generated by org.testng.reporters.JUnitReportReporter -->
<testsuite hostname="DESKTOP-6JA79DF" failures="0" tests="1" name="com.access.testcases.Department_Algo_tc_100" time="70.726" errors="0" timestamp="2022-07-06T11:30:40 IST" skipped="0">
  <testcase classname="com.access.testcases.Department_Algo_tc_100" name="departments" time="70.726"/>
  <system-out/>
</testsuite> <!-- com.access.testcases.Department_Algo_tc_100 -->
