<?xml version="1.0" encoding="UTF-8"?>
<!-- Generated by org.testng.reporters.JUnitReportReporter -->
<testsuite hostname="DESKTOP-6JA79DF" failures="0" tests="1" name="com.access.testcases.Department_Reg_tc_82" time="49.840" errors="0" timestamp="2022-06-28T13:01:11 IST" skipped="0">
  <testcase classname="com.access.testcases.Department_Reg_tc_82" name="departments" time="49.840"/>
  <system-out/>
</testsuite> <!-- com.access.testcases.Department_Reg_tc_82 -->
