<?xml version="1.0" encoding="UTF-8"?>
<!-- Generated by org.testng.reporters.JUnitReportReporter -->
<testsuite hostname="vikram" failures="0" tests="1" name="com.access.testcases.Report_tc_5" time="23.427" errors="0" timestamp="2022-03-24T14:46:05 IST" skipped="0">
  <testcase classname="com.access.testcases.Report_tc_5" name="Reports" time="23.427"/>
  <system-out/>
</testsuite> <!-- com.access.testcases.Report_tc_5 -->
