<?xml version="1.0" encoding="UTF-8"?>
<!-- Generated by org.testng.reporters.JUnitReportReporter -->
<testsuite hostname="DESKTOP-6JA79DF" failures="0" tests="1" name="com.access.testcases.Audit_tc_21" time="68.912" errors="0" timestamp="2022-05-18T12:05:08 IST" skipped="0">
  <testcase classname="com.access.testcases.Audit_tc_21" name="audit" time="68.912"/>
  <system-out/>
</testsuite> <!-- com.access.testcases.Audit_tc_21 -->
