<?xml version="1.0" encoding="UTF-8"?>
<!-- Generated by org.testng.reporters.JUnitReportReporter -->
<testsuite hostname="DESKTOP-6JA79DF" failures="0" tests="1" name="com.access.testcases.Department_tc_29" time="85.827" errors="0" timestamp="2022-06-01T17:42:42 IST" skipped="0">
  <testcase classname="com.access.testcases.Department_tc_29" name="departments" time="85.827"/>
  <system-out/>
</testsuite> <!-- com.access.testcases.Department_tc_29 -->
