<?xml version="1.0" encoding="UTF-8"?>
<!-- Generated by org.testng.reporters.JUnitReportReporter -->
<testsuite hostname="DESKTOP-6JA79DF" failures="0" tests="1" name="com.access.testcases.Department_tc_39" time="75.485" errors="0" timestamp="2022-06-03T13:00:53 IST" skipped="0">
  <testcase classname="com.access.testcases.Department_tc_39" name="departments" time="75.485"/>
  <system-out/>
</testsuite> <!-- com.access.testcases.Department_tc_39 -->
