<?xml version="1.0" encoding="UTF-8"?>
<!-- Generated by org.testng.reporters.JUnitReportReporter -->
<testsuite hostname="DESKTOP-6JA79DF" failures="0" tests="1" name="com.access.testcases.AdmUser_tc_10" time="44.803" errors="0" timestamp="2022-05-02T19:45:10 IST" skipped="0">
  <testcase classname="com.access.testcases.AdmUser_tc_10" name="AdmUser" time="44.803"/>
  <system-out/>
</testsuite> <!-- com.access.testcases.AdmUser_tc_10 -->
