<?xml version="1.0" encoding="UTF-8"?>
<!-- Generated by org.testng.reporters.JUnitReportReporter -->
<testsuite hostname="DESKTOP-6JA79DF" failures="0" tests="1" name="com.access.testcases.Department_tc_6" time="68.401" errors="0" timestamp="2022-05-31T13:23:10 IST" skipped="0">
  <testcase classname="com.access.testcases.Department_tc_6" name="departments" time="68.401"/>
  <system-out/>
</testsuite> <!-- com.access.testcases.Department_tc_6 -->
