<?xml version="1.0" encoding="UTF-8"?>
<!-- Generated by org.testng.reporters.JUnitReportReporter -->
<testsuite hostname="DESKTOP-6JA79DF" failures="0" tests="1" name="com.access.testcases.Massm_tc_1" time="21.721" errors="0" timestamp="2022-04-21T17:58:11 IST" skipped="0">
  <testcase classname="com.access.testcases.Massm_tc_1" name="MassMessaging" time="21.721"/>
  <system-out/>
</testsuite> <!-- com.access.testcases.Massm_tc_1 -->
