<?xml version="1.0" encoding="UTF-8"?>
<!-- Generated by org.testng.reporters.JUnitReportReporter -->
<testsuite hostname="DESKTOP-6JA79DF" failures="0" tests="1" name="com.access.testcases.AdmUser_tc_24" time="36.343" errors="0" timestamp="2022-05-04T18:40:16 IST" skipped="0">
  <testcase classname="com.access.testcases.AdmUser_tc_24" name="AdmUser" time="36.343"/>
  <system-out/>
</testsuite> <!-- com.access.testcases.AdmUser_tc_24 -->
