<?xml version="1.0" encoding="UTF-8"?>
<!-- Generated by org.testng.reporters.JUnitReportReporter -->
<testsuite hostname="DESKTOP-6JA79DF" failures="0" tests="1" name="com.access.testcases.UserProfile_tc_07" time="26.787" errors="0" timestamp="2022-07-08T19:28:51 IST" skipped="0">
  <testcase classname="com.access.testcases.UserProfile_tc_07" name="Profile" time="26.787"/>
  <system-out/>
</testsuite> <!-- com.access.testcases.UserProfile_tc_07 -->
