<?xml version="1.0" encoding="UTF-8"?>
<!-- Generated by org.testng.reporters.JUnitReportReporter -->
<testsuite hostname="vikram" failures="0" tests="1" name="com.access.testcases.R_tc_2" time="23.632" errors="0" timestamp="2022-03-24T12:12:46 IST" skipped="0">
  <testcase classname="com.access.testcases.R_tc_2" name="Reports" time="23.632"/>
  <system-out/>
</testsuite> <!-- com.access.testcases.R_tc_2 -->
