<?xml version="1.0" encoding="UTF-8"?>
<!-- Generated by org.testng.reporters.JUnitReportReporter -->
<testsuite hostname="vikram" failures="0" tests="1" name="com.access.testcases.Report_tc_3" time="324.176" errors="0" timestamp="2022-03-24T12:40:06 IST" skipped="0">
  <testcase classname="com.access.testcases.Report_tc_3" name="Reports" time="324.176"/>
  <system-out/>
</testsuite> <!-- com.access.testcases.Report_tc_3 -->
