<?xml version="1.0" encoding="UTF-8"?>
<!-- Generated by org.testng.reporters.JUnitReportReporter -->
<testsuite hostname="DESKTOP-6JA79DF" failures="0" tests="1" name="com.access.testcases.Audit_tc_24" time="75.180" errors="0" timestamp="2022-05-18T12:24:54 IST" skipped="0">
  <testcase classname="com.access.testcases.Audit_tc_24" name="audit" time="75.180"/>
  <system-out/>
</testsuite> <!-- com.access.testcases.Audit_tc_24 -->
