<?xml version="1.0" encoding="UTF-8"?>
<!-- Generated by org.testng.reporters.JUnitReportReporter -->
<testsuite hostname="DESKTOP-6JA79DF" failures="0" tests="1" name="com.access.testcases.Department_tc_52" time="61.564" errors="0" timestamp="2022-07-08T15:54:31 IST" skipped="0">
  <testcase classname="com.access.testcases.Department_tc_52" name="departments" time="61.564"/>
  <system-out/>
</testsuite> <!-- com.access.testcases.Department_tc_52 -->
