<?xml version="1.0" encoding="UTF-8"?>
<!-- Generated by org.testng.reporters.JUnitReportReporter -->
<testsuite hostname="DESKTOP-6JA79DF" failures="0" tests="1" name="com.access.testcases.Department_Reg_tc_97" time="54.033" errors="0" timestamp="2022-07-05T19:46:49 IST" skipped="0">
  <testcase classname="com.access.testcases.Department_Reg_tc_97" name="departments" time="54.033"/>
  <system-out/>
</testsuite> <!-- com.access.testcases.Department_Reg_tc_97 -->
