<?xml version="1.0" encoding="UTF-8"?>
<!-- Generated by org.testng.reporters.JUnitReportReporter -->
<testsuite hostname="DESKTOP-6JA79DF" failures="0" tests="1" name="com.access.testcases.Department_Algo_tc_105" time="75.657" errors="0" timestamp="2022-07-01T15:56:52 IST" skipped="0">
  <testcase classname="com.access.testcases.Department_Algo_tc_105" name="departments" time="75.657"/>
  <system-out/>
</testsuite> <!-- com.access.testcases.Department_Algo_tc_105 -->
