<?xml version="1.0" encoding="UTF-8"?>
<!-- Generated by org.testng.reporters.JUnitReportReporter -->
<testsuite hostname="vikram" failures="0" tests="1" name="com.access.testcases.Login_tc_1" time="10.199" errors="0" timestamp="2022-03-16T12:22:21 IST" skipped="0">
  <testcase classname="com.access.testcases.Login_tc_1" name="loginpage" time="10.199"/>
  <system-out/>
</testsuite> <!-- com.access.testcases.Login_tc_1 -->
