<?xml version="1.0" encoding="UTF-8"?>
<!-- Generated by org.testng.reporters.JUnitReportReporter -->
<testsuite hostname="DESKTOP-6JA79DF" failures="0" tests="1" name="com.access.testcases.Login_tc_3" time="2.852" errors="0" timestamp="2022-04-25T12:10:57 IST" skipped="0">
  <testcase classname="com.access.testcases.Login_tc_3" name="loginpage" time="2.852"/>
  <system-out/>
</testsuite> <!-- com.access.testcases.Login_tc_3 -->
