<?xml version="1.0" encoding="UTF-8"?>
<!-- Generated by org.testng.reporters.JUnitReportReporter -->
<testsuite hostname="DESKTOP-6JA79DF" failures="0" tests="1" name="com.access.testcases.UserProfile_tc_09" time="48.834" errors="0" timestamp="2022-07-08T19:35:11 IST" skipped="0">
  <testcase classname="com.access.testcases.UserProfile_tc_09" name="Profile" time="48.834"/>
  <system-out/>
</testsuite> <!-- com.access.testcases.UserProfile_tc_09 -->
