<?xml version="1.0" encoding="UTF-8"?>
<!-- Generated by org.testng.reporters.JUnitReportReporter -->
<testsuite hostname="DESKTOP-6JA79DF" failures="0" tests="1" name="com.access.testcases.Department_tc_25" time="74.432" errors="0" timestamp="2022-06-07T12:13:31 IST" skipped="0">
  <testcase classname="com.access.testcases.Department_tc_25" name="departments" time="74.432"/>
  <system-out/>
</testsuite> <!-- com.access.testcases.Department_tc_25 -->
