<?xml version="1.0" encoding="UTF-8"?>
<!-- Generated by org.testng.reporters.JUnitReportReporter -->
<testsuite hostname="DESKTOP-6JA79DF" failures="0" tests="1" name="com.access.testcases.AdmUser_tc_23" time="38.696" errors="0" timestamp="2022-07-07T17:15:09 IST" skipped="0">
  <testcase classname="com.access.testcases.AdmUser_tc_23" name="AdmUser" time="38.696"/>
  <system-out/>
</testsuite> <!-- com.access.testcases.AdmUser_tc_23 -->
