<?xml version="1.0" encoding="UTF-8"?>
<!-- Generated by org.testng.reporters.JUnitReportReporter -->
<testsuite hostname="DESKTOP-6JA79DF" failures="0" tests="1" name="com.access.testcases.Department_tc_3" time="140.476" errors="0" timestamp="2022-07-08T16:08:58 IST" skipped="0">
  <testcase classname="com.access.testcases.Department_tc_3" name="departments" time="140.476"/>
  <system-out/>
</testsuite> <!-- com.access.testcases.Department_tc_3 -->
