<?xml version="1.0" encoding="UTF-8"?>
<!-- Generated by org.testng.reporters.JUnitReportReporter -->
<testsuite hostname="DESKTOP-6JA79DF" failures="0" tests="1" name="com.access.testcases.Department_Reg_tc_98" time="83.209" errors="0" timestamp="2022-06-29T15:51:36 IST" skipped="0">
  <testcase classname="com.access.testcases.Department_Reg_tc_98" name="departments" time="83.209"/>
  <system-out/>
</testsuite> <!-- com.access.testcases.Department_Reg_tc_98 -->
