<?xml version="1.0" encoding="UTF-8"?>
<!-- Generated by org.testng.reporters.JUnitReportReporter -->
<testsuite hostname="DESKTOP-6JA79DF" failures="0" tests="1" name="com.access.testcases.Department_tc_14" time="57.197" errors="0" timestamp="2022-05-31T14:35:47 IST" skipped="0">
  <testcase classname="com.access.testcases.Department_tc_14" name="departments" time="57.197"/>
  <system-out/>
</testsuite> <!-- com.access.testcases.Department_tc_14 -->
