<?xml version="1.0" encoding="UTF-8"?>
<!-- Generated by org.testng.reporters.JUnitReportReporter -->
<testsuite hostname="DESKTOP-6JA79DF" failures="0" tests="1" name="com.access.testcases.Department_tc_1" time="33.611" errors="0" timestamp="2022-07-08T15:57:28 IST" skipped="0">
  <testcase classname="com.access.testcases.Department_tc_1" name="departments" time="33.611"/>
  <system-out/>
</testsuite> <!-- com.access.testcases.Department_tc_1 -->
