<?xml version="1.0" encoding="UTF-8"?>
<!-- Generated by org.testng.reporters.JUnitReportReporter -->
<testsuite hostname="DESKTOP-6JA79DF" failures="0" tests="1" name="com.access.testcases.Department_tc_37" time="77.998" errors="0" timestamp="2022-06-16T11:33:54 IST" skipped="0">
  <testcase classname="com.access.testcases.Department_tc_37" name="departments" time="77.998"/>
  <system-out/>
</testsuite> <!-- com.access.testcases.Department_tc_37 -->
