<?xml version="1.0" encoding="UTF-8"?>
<!-- Generated by org.testng.reporters.JUnitReportReporter -->
<testsuite hostname="DESKTOP-6JA79DF" failures="0" tests="1" name="com.access.testcases.ForgotP_tc_03" time="3.503" errors="0" timestamp="2022-04-21T17:11:01 IST" skipped="0">
  <testcase classname="com.access.testcases.ForgotP_tc_03" name="forgotp" time="3.503"/>
  <system-out/>
</testsuite> <!-- com.access.testcases.ForgotP_tc_03 -->
