<?xml version="1.0" encoding="UTF-8"?>
<!-- Generated by org.testng.reporters.JUnitReportReporter -->
<testsuite hostname="DESKTOP-6JA79DF" failures="0" tests="1" name="com.access.testcases.Massm_tc_1" time="35.947" errors="0" timestamp="2022-06-02T16:36:27 IST" skipped="0">
  <testcase classname="com.access.testcases.Massm_tc_1" name="MassMessaging" time="35.947"/>
  <system-out/>
</testsuite> <!-- com.access.testcases.Massm_tc_1 -->
