<?xml version="1.0" encoding="UTF-8"?>
<!-- Generated by org.testng.reporters.JUnitReportReporter -->
<testsuite hostname="DESKTOP-6JA79DF" failures="0" tests="1" name="com.access.testcases.Department_pop_tc_72" time="51.986" errors="0" timestamp="2022-06-20T17:11:01 IST" skipped="0">
  <testcase classname="com.access.testcases.Department_pop_tc_72" name="departments" time="51.986"/>
  <system-out/>
</testsuite> <!-- com.access.testcases.Department_pop_tc_72 -->
