<?xml version="1.0" encoding="UTF-8"?>
<!-- Generated by org.testng.reporters.JUnitReportReporter -->
<testsuite hostname="DESKTOP-6JA79DF" failures="0" tests="1" name="com.access.testcases.Profile_05" time="55.917" errors="0" timestamp="2022-07-08T12:36:21 IST" skipped="0">
  <testcase classname="com.access.testcases.Profile_05" name="Profile" time="55.917"/>
  <system-out/>
</testsuite> <!-- com.access.testcases.Profile_05 -->
