<?xml version="1.0" encoding="UTF-8"?>
<!-- Generated by org.testng.reporters.JUnitReportReporter -->
<testsuite hostname="DESKTOP-6JA79DF" failures="0" tests="1" name="com.access.testcases.Department_tc_62" time="71.856" errors="0" timestamp="2022-07-08T15:47:30 IST" skipped="0">
  <testcase classname="com.access.testcases.Department_tc_62" name="departments" time="71.856"/>
  <system-out/>
</testsuite> <!-- com.access.testcases.Department_tc_62 -->
