<?xml version="1.0" encoding="UTF-8"?>
<!-- Generated by org.testng.reporters.JUnitReportReporter -->
<testsuite hostname="DESKTOP-6JA79DF" failures="0" tests="1" name="com.access.testcases.Department_tc_49" time="59.348" errors="0" timestamp="2022-06-16T13:03:43 IST" skipped="0">
  <testcase classname="com.access.testcases.Department_tc_49" name="departments" time="59.348"/>
  <system-out/>
</testsuite> <!-- com.access.testcases.Department_tc_49 -->
