<?xml version="1.0" encoding="UTF-8"?>
<!-- Generated by org.testng.reporters.JUnitReportReporter -->
<testsuite hostname="DESKTOP-6JA79DF" failures="0" tests="1" name="com.access.testcases.AdminProfile_tc_04" time="53.320" errors="0" timestamp="2022-07-08T19:22:15 IST" skipped="0">
  <testcase classname="com.access.testcases.AdminProfile_tc_04" name="Profile" time="53.320"/>
  <system-out/>
</testsuite> <!-- com.access.testcases.AdminProfile_tc_04 -->
