<?xml version="1.0" encoding="UTF-8"?>
<!-- Generated by org.testng.reporters.JUnitReportReporter -->
<testsuite hostname="DESKTOP-6JA79DF" failures="0" tests="1" name="com.access.testcases.Department_tc_55" time="65.893" errors="0" timestamp="2022-07-08T15:52:50 IST" skipped="0">
  <testcase classname="com.access.testcases.Department_tc_55" name="departments" time="65.893"/>
  <system-out/>
</testsuite> <!-- com.access.testcases.Department_tc_55 -->
