<?xml version="1.0" encoding="UTF-8"?>
<!-- Generated by org.testng.reporters.JUnitReportReporter -->
<testsuite hostname="DESKTOP-6JA79DF" failures="0" tests="1" name="com.access.testcases.Audit_tc_9" time="46.633" errors="0" timestamp="2022-05-11T12:22:59 IST" skipped="0">
  <testcase classname="com.access.testcases.Audit_tc_9" name="audit" time="46.633"/>
  <system-out/>
</testsuite> <!-- com.access.testcases.Audit_tc_9 -->
