<?xml version="1.0" encoding="UTF-8"?>
<!-- Generated by org.testng.reporters.JUnitReportReporter -->
<testsuite hostname="DESKTOP-6JA79DF" failures="0" tests="1" name="com.access.testcases.Clip_tc_3" time="33.599" errors="0" timestamp="2022-04-21T14:52:10 IST" skipped="0">
  <testcase classname="com.access.testcases.Clip_tc_3" name="Clipboard" time="33.599"/>
  <system-out/>
</testsuite> <!-- com.access.testcases.Clip_tc_3 -->
