<?xml version="1.0" encoding="UTF-8"?>
<!-- Generated by org.testng.reporters.JUnitReportReporter -->
<testsuite hostname="DESKTOP-6JA79DF" failures="0" tests="1" name="com.access.testcases.Audit_tc_6" time="51.456" errors="0" timestamp="2022-05-11T12:13:35 IST" skipped="0">
  <testcase classname="com.access.testcases.Audit_tc_6" name="audit" time="51.456"/>
  <system-out/>
</testsuite> <!-- com.access.testcases.Audit_tc_6 -->
