<?xml version="1.0" encoding="UTF-8"?>
<!-- Generated by org.testng.reporters.JUnitReportReporter -->
<testsuite hostname="DESKTOP-6JA79DF" failures="0" tests="1" name="com.access.testcases.Department_tc_30" time="77.867" errors="0" timestamp="2022-06-01T18:27:19 IST" skipped="0">
  <testcase classname="com.access.testcases.Department_tc_30" name="departments" time="77.867"/>
  <system-out/>
</testsuite> <!-- com.access.testcases.Department_tc_30 -->
