<?xml version="1.0" encoding="UTF-8"?>
<!-- Generated by org.testng.reporters.JUnitReportReporter -->
<testsuite hostname="DESKTOP-6JA79DF" failures="0" tests="1" name="com.access.testcases.Department_tc_26" time="84.886" errors="0" timestamp="2022-06-07T12:17:47 IST" skipped="0">
  <testcase classname="com.access.testcases.Department_tc_26" name="departments" time="84.886"/>
  <system-out/>
</testsuite> <!-- com.access.testcases.Department_tc_26 -->
