<?xml version="1.0" encoding="UTF-8"?>
<!-- Generated by org.testng.reporters.JUnitReportReporter -->
<testsuite hostname="DESKTOP-6JA79DF" failures="0" tests="1" name="com.access.testcases.Palkup_tc_3" time="78.765" errors="0" timestamp="2022-04-21T19:30:23 IST" skipped="0">
  <testcase classname="com.access.testcases.Palkup_tc_3" name="UserTestPage" time="78.765"/>
  <system-out/>
</testsuite> <!-- com.access.testcases.Palkup_tc_3 -->
