<?xml version="1.0" encoding="UTF-8"?>
<!-- Generated by org.testng.reporters.JUnitReportReporter -->
<testsuite hostname="DESKTOP-6JA79DF" failures="0" tests="1" name="com.access.testcases.Department_tc_21" time="57.979" errors="0" timestamp="2022-05-31T11:47:21 IST" skipped="0">
  <testcase classname="com.access.testcases.Department_tc_21" name="departments" time="57.979"/>
  <system-out/>
</testsuite> <!-- com.access.testcases.Department_tc_21 -->
