<?xml version="1.0" encoding="UTF-8"?>
<!-- Generated by org.testng.reporters.JUnitReportReporter -->
<testsuite hostname="DESKTOP-6JA79DF" failures="0" tests="1" name="com.access.testcases.UserProfile_tc_10" time="47.947" errors="0" timestamp="2022-07-08T19:36:55 IST" skipped="0">
  <testcase classname="com.access.testcases.UserProfile_tc_10" name="Profile" time="47.947"/>
  <system-out/>
</testsuite> <!-- com.access.testcases.UserProfile_tc_10 -->
