<?xml version="1.0" encoding="UTF-8"?>
<!-- Generated by org.testng.reporters.JUnitReportReporter -->
<testsuite hostname="DESKTOP-6JA79DF" failures="0" tests="1" name="com.access.testcases.AdmUser_tc_21" time="41.046" errors="0" timestamp="2022-05-04T18:34:12 IST" skipped="0">
  <testcase classname="com.access.testcases.AdmUser_tc_21" name="AdmUser" time="41.046"/>
  <system-out/>
</testsuite> <!-- com.access.testcases.AdmUser_tc_21 -->
