<?xml version="1.0" encoding="UTF-8"?>
<!-- Generated by org.testng.reporters.JUnitReportReporter -->
<testsuite hostname="DESKTOP-6JA79DF" failures="0" tests="1" name="com.access.testcases.Audit_tc_1" time="31.575" errors="0" timestamp="2022-06-24T15:36:39 IST" skipped="0">
  <testcase classname="com.access.testcases.Audit_tc_1" name="audit" time="31.575"/>
  <system-out/>
</testsuite> <!-- com.access.testcases.Audit_tc_1 -->
