<?xml version="1.0" encoding="UTF-8"?>
<!-- Generated by org.testng.reporters.JUnitReportReporter -->
<testsuite hostname="DESKTOP-6JA79DF" failures="0" tests="1" name="com.access.testcases.UserProfile_tc_11" time="48.952" errors="0" timestamp="2022-07-08T19:39:01 IST" skipped="0">
  <testcase classname="com.access.testcases.UserProfile_tc_11" name="Profile" time="48.952"/>
  <system-out/>
</testsuite> <!-- com.access.testcases.UserProfile_tc_11 -->
