<?xml version="1.0" encoding="UTF-8"?>
<!-- Generated by org.testng.reporters.JUnitReportReporter -->
<testsuite hostname="DESKTOP-6JA79DF" failures="0" tests="1" name="com.access.testcases.Audit_tc_14" time="71.566" errors="0" timestamp="2022-05-18T11:23:37 IST" skipped="0">
  <testcase classname="com.access.testcases.Audit_tc_14" name="audit" time="71.566"/>
  <system-out/>
</testsuite> <!-- com.access.testcases.Audit_tc_14 -->
