<?xml version="1.0" encoding="UTF-8"?>
<!-- Generated by org.testng.reporters.JUnitReportReporter -->
<testsuite hostname="DESKTOP-6JA79DF" failures="0" tests="1" name="com.access.testcases.Clip_tc_4" time="33.567" errors="0" timestamp="2022-04-21T15:25:13 IST" skipped="0">
  <testcase classname="com.access.testcases.Clip_tc_4" name="Clipboard" time="33.567"/>
  <system-out/>
</testsuite> <!-- com.access.testcases.Clip_tc_4 -->
