<?xml version="1.0" encoding="UTF-8"?>
<!-- Generated by org.testng.reporters.JUnitReportReporter -->
<testsuite hostname="DESKTOP-6JA79DF" failures="0" tests="1" name="com.access.testcases.Department_tc_64" time="84.838" errors="0" timestamp="2022-06-16T15:05:33 IST" skipped="0">
  <testcase classname="com.access.testcases.Department_tc_64" name="departments" time="84.838"/>
  <system-out/>
</testsuite> <!-- com.access.testcases.Department_tc_64 -->
