<?xml version="1.0" encoding="UTF-8"?>
<!-- Generated by org.testng.reporters.JUnitReportReporter -->
<testsuite hostname="DESKTOP-6JA79DF" failures="0" tests="1" name="com.access.testcases.AdmUser_tc_28" time="35.884" errors="0" timestamp="2022-05-03T15:18:27 IST" skipped="0">
  <testcase classname="com.access.testcases.AdmUser_tc_28" name="AdmUser" time="35.884"/>
  <system-out/>
</testsuite> <!-- com.access.testcases.AdmUser_tc_28 -->
