<?xml version="1.0" encoding="UTF-8"?>
<!-- Generated by org.testng.reporters.JUnitReportReporter -->
<testsuite hostname="DESKTOP-6JA79DF" failures="0" tests="1" name="com.access.testcases.Profile_03" time="57.376" errors="0" timestamp="2022-07-08T12:08:37 IST" skipped="0">
  <testcase classname="com.access.testcases.Profile_03" name="Profile" time="57.376"/>
  <system-out/>
</testsuite> <!-- com.access.testcases.Profile_03 -->
