<?xml version="1.0" encoding="UTF-8"?>
<!-- Generated by org.testng.reporters.JUnitReportReporter -->
<testsuite hostname="DESKTOP-6JA79DF" failures="0" tests="1" name="com.access.testcases.Appt_tc_23" time="43.596" errors="0" timestamp="2022-07-18T16:36:38 IST" skipped="0">
  <testcase classname="com.access.testcases.Appt_tc_23" name="Appointments" time="43.596"/>
  <system-out/>
</testsuite> <!-- com.access.testcases.Appt_tc_23 -->
