<?xml version="1.0" encoding="UTF-8"?>
<!-- Generated by org.testng.reporters.JUnitReportReporter -->
<testsuite hostname="DESKTOP-6JA79DF" failures="0" tests="1" name="com.access.testcases.AdmUser_tc_6" time="38.767" errors="0" timestamp="2022-04-26T18:55:17 IST" skipped="0">
  <testcase classname="com.access.testcases.AdmUser_tc_6" name="AdmUser" time="38.767"/>
  <system-out/>
</testsuite> <!-- com.access.testcases.AdmUser_tc_6 -->
