<?xml version="1.0" encoding="UTF-8"?>
<!-- Generated by org.testng.reporters.JUnitReportReporter -->
<testsuite hostname="DESKTOP-6JA79DF" failures="0" tests="1" name="com.access.testcases.Appt_tc_3" time="48.995" errors="0" timestamp="2022-04-21T16:15:58 IST" skipped="0">
  <testcase classname="com.access.testcases.Appt_tc_3" name="Appointments" time="48.995"/>
  <system-out/>
</testsuite> <!-- com.access.testcases.Appt_tc_3 -->
