<?xml version="1.0" encoding="UTF-8"?>
<!-- Generated by org.testng.reporters.JUnitReportReporter -->
<testsuite hostname="DESKTOP-6JA79DF" failures="0" tests="1" name="com.access.testcases.AdmUser_tc_26" time="43.872" errors="0" timestamp="2022-05-03T15:13:57 IST" skipped="0">
  <testcase classname="com.access.testcases.AdmUser_tc_26" name="AdmUser" time="43.872"/>
  <system-out/>
</testsuite> <!-- com.access.testcases.AdmUser_tc_26 -->
