<?xml version="1.0" encoding="UTF-8"?>
<!-- Generated by org.testng.reporters.JUnitReportReporter -->
<testsuite hostname="DESKTOP-6JA79DF" failures="0" tests="1" name="com.access.testcases.Department_tc_32" time="78.959" errors="0" timestamp="2022-06-01T19:03:16 IST" skipped="0">
  <testcase classname="com.access.testcases.Department_tc_32" name="departments" time="78.959"/>
  <system-out/>
</testsuite> <!-- com.access.testcases.Department_tc_32 -->
