<?xml version="1.0" encoding="UTF-8"?>
<!-- Generated by org.testng.reporters.JUnitReportReporter -->
<testsuite hostname="DESKTOP-6JA79DF" failures="0" tests="1" name="com.access.testcases.Department_tc_20" time="57.647" errors="0" timestamp="2022-05-31T14:58:08 IST" skipped="0">
  <testcase classname="com.access.testcases.Department_tc_20" name="departments" time="57.647"/>
  <system-out/>
</testsuite> <!-- com.access.testcases.Department_tc_20 -->
