<?xml version="1.0" encoding="UTF-8"?>
<!-- Generated by org.testng.reporters.JUnitReportReporter -->
<testsuite hostname="DESKTOP-6JA79DF" failures="0" tests="1" name="com.access.testcases.Department_tc_28" time="85.811" errors="0" timestamp="2022-07-07T20:15:30 IST" skipped="0">
  <testcase classname="com.access.testcases.Department_tc_28" name="departments" time="85.811"/>
  <system-out/>
</testsuite> <!-- com.access.testcases.Department_tc_28 -->
