<?xml version="1.0" encoding="UTF-8"?>
<!-- Generated by org.testng.reporters.JUnitReportReporter -->
<testsuite hostname="DESKTOP-6JA79DF" failures="0" tests="1" name="com.access.testcases.Department_Reg_tc_86" time="81.106" errors="0" timestamp="2022-07-07T20:15:30 IST" skipped="0">
  <testcase classname="com.access.testcases.Department_Reg_tc_86" name="departments" time="81.106"/>
  <system-out/>
</testsuite> <!-- com.access.testcases.Department_Reg_tc_86 -->
