<?xml version="1.0" encoding="UTF-8"?>
<!-- Generated by org.testng.reporters.JUnitReportReporter -->
<testsuite hostname="DESKTOP-6JA79DF" failures="0" tests="1" name="com.access.testcases.Audit_tc_21" time="65.223" errors="0" timestamp="2022-07-07T17:47:35 IST" skipped="0">
  <testcase classname="com.access.testcases.Audit_tc_21" name="audit" time="65.223"/>
  <system-out/>
</testsuite> <!-- com.access.testcases.Audit_tc_21 -->
