<?xml version="1.0" encoding="UTF-8"?>
<!-- Generated by org.testng.reporters.JUnitReportReporter -->
<testsuite hostname="DESKTOP-6JA79DF" failures="0" tests="1" name="com.access.testcases.Department_Loc_tc_77" time="46.249" errors="0" timestamp="2022-07-07T20:15:30 IST" skipped="0">
  <testcase classname="com.access.testcases.Department_Loc_tc_77" name="departments" time="46.249"/>
  <system-out/>
</testsuite> <!-- com.access.testcases.Department_Loc_tc_77 -->
