<?xml version="1.0" encoding="UTF-8"?>
<!-- Generated by org.testng.reporters.JUnitReportReporter -->
<testsuite hostname="DESKTOP-6JA79DF" failures="0" tests="1" name="com.access.testcases.Audit_tc_1" time="34.585" errors="0" timestamp="2022-07-07T17:47:35 IST" skipped="0">
  <testcase classname="com.access.testcases.Audit_tc_1" name="audit" time="34.585"/>
  <system-out/>
</testsuite> <!-- com.access.testcases.Audit_tc_1 -->
